[03:36:24] [src/main.c: 80] start ftpserver
[03:36:24] [src/utility.c: 228] OpenMQ START
[03:36:24] [src/SessionAPI.c: 17] InitSession start
[03:36:24] [src/SessionAPI.c: 23] g_session_data_ptr 0 = 0x17177c0
[03:36:24] [src/SessionAPI.c: 23] g_session_data_ptr 1 = 0x1718820
[03:36:24] [src/SessionAPI.c: 23] g_session_data_ptr 2 = 0x1719880
[03:36:24] [src/SessionAPI.c: 23] g_session_data_ptr 3 = 0x171a8e0
[03:36:24] [src/SessionAPI.c: 23] g_session_data_ptr 4 = 0x171b940
[03:36:24] [src/SessionAPI.c: 23] g_session_data_ptr 5 = 0x171c9a0
[03:36:24] [src/SessionAPI.c: 23] g_session_data_ptr 6 = 0x171da00
[03:36:24] [src/SessionAPI.c: 23] g_session_data_ptr 7 = 0x171ea60
[03:36:24] [src/SessionAPI.c: 23] g_session_data_ptr 8 = 0x171fac0
[03:36:24] [src/SessionAPI.c: 23] g_session_data_ptr 9 = 0x1720b20
[03:36:24] [src/SessionAPI.c: 23] g_session_data_ptr 10 = 0x1721b80
[03:36:24] [src/SessionAPI.c: 23] g_session_data_ptr 11 = 0x1722be0
[03:36:24] [src/SessionAPI.c: 23] g_session_data_ptr 12 = 0x1723c40
[03:36:24] [src/SessionAPI.c: 23] g_session_data_ptr 13 = 0x1724ca0
[03:36:24] [src/SessionAPI.c: 23] g_session_data_ptr 14 = 0x1725d00
[03:36:24] [src/SessionAPI.c: 23] g_session_data_ptr 15 = 0x1726d60
[03:36:24] [src/SessionAPI.c: 23] g_session_data_ptr 16 = 0x1727dc0
[03:36:24] [src/SessionAPI.c: 23] g_session_data_ptr 17 = 0x1728e20
[03:36:24] [src/SessionAPI.c: 23] g_session_data_ptr 18 = 0x1729e80
[03:36:24] [src/SessionAPI.c: 23] g_session_data_ptr 19 = 0x172aee0
[03:36:24] [src/SessionAPI.c: 23] g_session_data_ptr 20 = 0x172bf40
[03:36:24] [src/SessionAPI.c: 23] g_session_data_ptr 21 = 0x172cfa0
[03:36:24] [src/SessionAPI.c: 23] g_session_data_ptr 22 = 0x172e000
[03:36:24] [src/SessionAPI.c: 23] g_session_data_ptr 23 = 0x172f060
[03:36:24] [src/SessionAPI.c: 23] g_session_data_ptr 24 = 0x17300c0
[03:36:24] [src/SessionAPI.c: 23] g_session_data_ptr 25 = 0x1731120
[03:36:24] [src/SessionAPI.c: 23] g_session_data_ptr 26 = 0x1732180
[03:36:24] [src/SessionAPI.c: 23] g_session_data_ptr 27 = 0x17331e0
[03:36:24] [src/SessionAPI.c: 23] g_session_data_ptr 28 = 0x1734240
[03:36:24] [src/SessionAPI.c: 23] g_session_data_ptr 29 = 0x17352a0
[03:36:24] [src/main.c: 88] Init Done
[03:36:24] [src/session_cmd_manager.c: 61] CMD SESSION START
[03:36:24] [src/session_cmd_manager.c: 113] InitSessioncmdMng_threadN START
[03:36:24] [src/utility.c: 228] OpenMQ START
[03:36:24] [src/session_cmd_manager.c: 135] Init DONE
[03:36:24] [src/main.c: 209] RecvWakeDone
[03:36:24] [src/main.c: 228] RecvWakeDone CMP_NO_SESSION_COMMAND_ID
[03:36:24] [src/main.c: 251] Manager Proc start
[03:36:24] [src/main.c: 252] RecvWakeDone END
[03:36:25] [src/session_cmd_manager.c: 201] start idle
[03:36:25] [src/session_cmd_manager.c: 208] CMD Manager Proc start
[03:36:25] [src/SessionAPI.c: 97] CreateSession start
[03:36:25] [src/session_cmd_manager.c: 226] First cmd thread start
[03:36:25] [src/cmd_thread.c: 49][session: 1] command thread start
[03:36:25] [src/utility.c: 263] OpenMQ START
[03:36:25] [src/cmd_thread.c: 98][session: 1]  recv = f0000001
[03:3